<?xml version="1.0" encoding="UTF-8"?>
<testsuite xmlns:xsi="http://www.w3.org/2001/XMLSchema-instance" xsi:noNamespaceSchemaLocation="https://maven.apache.org/surefire/maven-surefire-plugin/xsd/surefire-test-report.xsd" name="za.co.wethinkcode.lms.test.RobotTest" time="0.122" tests="7" errors="0" skipped="0" failures="1">
  <properties>
[...]
</properties>
  <testcase name="initialPosition" classname="za.co.wethinkcode.lms.test.RobotTest" time="0.041"/>
  <testcase name="forward" classname="za.co.wethinkcode.lms.test.RobotTest" time="0.015"/>
  <testcase name="shutdown" classname="za.co.wethinkcode.lms.test.RobotTest" time="0.001"/>
  <testcase name="dump" classname="za.co.wethinkcode.lms.test.RobotTest" time="0.032">
    <failure message="expected: &lt;[0,0] CrashTestDummy&gt; Ready&gt; but was: &lt;[0,0] CrashTestDummy&gt; null&gt;" type="org.opentest4j.AssertionFailedError"><![CDATA[org.opentest4j.AssertionFailedError: expected: <[0,0] CrashTestDummy> Ready> but was: <[0,0] CrashTestDummy> null>
	at za.co.wethinkcode.lms.test.RobotTest.dump(RobotTest.java:22)
]]></failure>
  </testcase>
  <testcase name="help" classname="za.co.wethinkcode.lms.test.RobotTest" time="0.001"/>
  <testcase name="forwardforward" classname="za.co.wethinkcode.lms.test.RobotTest" time="0.002"/>
  <testcase name="tooFarForward" classname="za.co.wethinkcode.lms.test.RobotTest" time="0.001"/>
</testsuite>