-------------------------------------------------------------------------------
Test set: za.co.wethinkcode.lms.test.RobotTest
-------------------------------------------------------------------------------
Tests run: 7, Failures: 1, Errors: 0, Skipped: 0, Time elapsed: 0.122 s <<< FAILURE! - in za.co.wethinkcode.lms.test.RobotTest
dump  Time elapsed: 0.032 s  <<< FAILURE!
org.opentest4j.AssertionFailedError: expected: <[0,0] CrashTestDummy> Ready> but was: <[0,0] CrashTestDummy> null>
	at za.co.wethinkcode.lms.test.RobotTest.dump(RobotTest.java:22)

