<?xml version="1.0" encoding="UTF-8"?>
<testsuite xmlns:xsi="http://www.w3.org/2001/XMLSchema-instance" xsi:noNamespaceSchemaLocation="https://maven.apache.org/surefire/maven-surefire-plugin/xsd/surefire-test-report.xsd" name="za.co.wethinkcode.lms.test.StudentTest" time="0.245" tests="1" errors="0" skipped="0" failures="1">
  <properties>
[...]
</properties>
  <testcase name="studentTests" classname="za.co.wethinkcode.lms.test.StudentTest" time="0.244">
    <failure message="Expected that there are no test failures. ==&gt; expected: &lt;0&gt; but was: &lt;2&gt;" type="org.opentest4j.AssertionFailedError"><![CDATA[org.opentest4j.AssertionFailedError: Expected that there are no test failures. ==> expected: <0> but was: <2>
	at za.co.wethinkcode.lms.test.StudentTest.studentTests(StudentTest.java:32)
]]></failure>
    <system-out><![CDATA[
Test run finished after 54 ms
[         4 containers found      ]
[         0 containers skipped    ]
[         4 containers started    ]
[         0 containers aborted    ]
[         4 containers successful ]
[         0 containers failed     ]
[        22 tests found           ]
[         0 tests skipped         ]
[        22 tests started         ]
[         0 tests aborted         ]
[        20 tests successful      ]
[         2 tests failed          ]


Failures (2):
  JUnit Jupiter:HangmanTest:shouldWinTheGame()
    MethodSource [className = 'za.co.wethinkcode.examples.hangman.HangmanTest', methodName = 'shouldWinTheGame', methodParameterTypes = '']
    => org.opentest4j.AssertionFailedError: Not expecting an exception.
       org.junit.jupiter.api.AssertionUtils.fail(AssertionUtils.java:39)
       org.junit.jupiter.api.Assertions.fail(Assertions.java:109)
       za.co.wethinkcode.examples.hangman.HangmanTest.simulateGame(HangmanTest.java:22)
       za.co.wethinkcode.examples.hangman.HangmanTest.shouldWinTheGame(HangmanTest.java:49)
       java.base/jdk.internal.reflect.NativeMethodAccessorImpl.invoke0(Native Method)
       java.base/jdk.internal.reflect.NativeMethodAccessorImpl.invoke(NativeMethodAccessorImpl.java:62)
       java.base/jdk.internal.reflect.DelegatingMethodAccessorImpl.invoke(DelegatingMethodAccessorImpl.java:43)
       java.base/java.lang.reflect.Method.invoke(Method.java:566)
       org.junit.platform.commons.util.ReflectionUtils.invokeMethod(ReflectionUtils.java:686)
       org.junit.jupiter.engine.execution.MethodInvocation.proceed(MethodInvocation.java:60)
       [...]
  JUnit Jupiter:HangmanTest:shouldLoseTheGame()
    MethodSource [className = 'za.co.wethinkcode.examples.hangman.HangmanTest', methodName = 'shouldLoseTheGame', methodParameterTypes = '']
    => org.opentest4j.AssertionFailedError: Not expecting an exception.
       org.junit.jupiter.api.AssertionUtils.fail(AssertionUtils.java:39)
       org.junit.jupiter.api.Assertions.fail(Assertions.java:109)
       za.co.wethinkcode.examples.hangman.HangmanTest.simulateGame(HangmanTest.java:22)
       za.co.wethinkcode.examples.hangman.HangmanTest.shouldLoseTheGame(HangmanTest.java:56)
       java.base/jdk.internal.reflect.NativeMethodAccessorImpl.invoke0(Native Method)
       java.base/jdk.internal.reflect.NativeMethodAccessorImpl.invoke(NativeMethodAccessorImpl.java:62)
       java.base/jdk.internal.reflect.DelegatingMethodAccessorImpl.invoke(DelegatingMethodAccessorImpl.java:43)
       java.base/java.lang.reflect.Method.invoke(Method.java:566)
       org.junit.platform.commons.util.ReflectionUtils.invokeMethod(ReflectionUtils.java:686)
       org.junit.jupiter.engine.execution.MethodInvocation.proceed(MethodInvocation.java:60)
       [...]
]]></system-out>
  </testcase>
</testsuite>